build/app/intermediates/manifest_merge_blame_file/release/processReleaseMainManifest/manifest-merger-blame-release-report.txt
1<?xml version="1.0" encoding="utf-8"?>
2<manifest xmlns:android="http://schemas.android.com/apk/res/android"
3    package="com.msc.fingenius"
4    android:versionCode="1"
5    android:versionName="1.0.0" >
6
7    <uses-sdk
8        android:minSdkVersion="24"
9        android:targetSdkVersion="35" />
10    <!-- Least-privilege permission set. No location, no contacts, no external storage. -->
11    <uses-permission android:name="android.permission.INTERNET" />
11-->src/main/AndroidManifest.xml:3:5-66
11-->src/main/AndroidManifest.xml:3:22-64
12    <uses-permission android:name="android.permission.ACCESS_NETWORK_STATE" />
12-->src/main/AndroidManifest.xml:4:5-78
12-->src/main/AndroidManifest.xml:4:22-76
13    <uses-permission android:name="android.permission.CAMERA" />
13-->src/main/AndroidManifest.xml:5:5-64
13-->src/main/AndroidManifest.xml:5:22-62
14    <uses-permission android:name="android.permission.RECORD_AUDIO" />
14-->src/main/AndroidManifest.xml:6:5-70
14-->src/main/AndroidManifest.xml:6:22-68
15    <uses-permission android:name="android.permission.USE_BIOMETRIC" />
15-->src/main/AndroidManifest.xml:7:5-71
15-->src/main/AndroidManifest.xml:7:22-69
16    <uses-permission android:name="android.permission.POST_NOTIFICATIONS" />
16-->src/main/AndroidManifest.xml:8:5-76
16-->src/main/AndroidManifest.xml:8:22-74
17    <uses-permission android:name="android.permission.SCHEDULE_EXACT_ALARM" />
17-->src/main/AndroidManifest.xml:9:5-78
17-->src/main/AndroidManifest.xml:9:22-76
18
19    <uses-feature
19-->src/main/AndroidManifest.xml:11:5-84
20        android:name="android.hardware.camera"
20-->src/main/AndroidManifest.xml:11:19-57
21        android:required="false" />
21-->src/main/AndroidManifest.xml:11:58-82
22    <uses-feature
22-->src/main/AndroidManifest.xml:12:5-88
23        android:name="android.hardware.microphone"
23-->src/main/AndroidManifest.xml:12:19-61
24        android:required="false" />
24-->src/main/AndroidManifest.xml:12:62-86
25
26    <uses-permission android:name="android.permission.WAKE_LOCK" />
26-->[:firebase_analytics] AndroidManifest.xml:9:5-68
26-->[:firebase_analytics] AndroidManifest.xml:9:22-65
27    <uses-permission android:name="android.permission.VIBRATE" /> <!-- suppress DeprecatedClassUsageInspection -->
27-->[:flutter_local_notifications] AndroidManifest.xml:7:5-66
27-->[:flutter_local_notifications] AndroidManifest.xml:7:22-63
28    <uses-permission android:name="android.permission.USE_FINGERPRINT" /> <!-- Required by older versions of Google Play services to create IID tokens -->
28-->[androidx.biometric:biometric:1.1.0] AndroidManifest.xml:27:5-74
28-->[androidx.biometric:biometric:1.1.0] AndroidManifest.xml:27:22-71
29    <uses-permission android:name="com.google.android.c2dm.permission.RECEIVE" />
29-->[com.google.firebase:firebase-messaging:24.1.2] AndroidManifest.xml:26:5-82
29-->[com.google.firebase:firebase-messaging:24.1.2] AndroidManifest.xml:26:22-79
30    <uses-permission android:name="com.google.android.finsky.permission.BIND_GET_INSTALL_REFERRER_SERVICE" />
30-->[com.google.android.gms:play-services-measurement:22.5.0] AndroidManifest.xml:26:5-110
30-->[com.google.android.gms:play-services-measurement:22.5.0] AndroidManifest.xml:26:22-107
31    <uses-permission android:name="com.google.android.gms.permission.AD_ID" />
31-->[com.google.android.gms:play-services-measurement-impl:22.5.0] AndroidManifest.xml:27:5-79
31-->[com.google.android.gms:play-services-measurement-impl:22.5.0] AndroidManifest.xml:27:22-76
32    <uses-permission android:name="android.permission.ACCESS_ADSERVICES_ATTRIBUTION" />
32-->[com.google.android.gms:play-services-measurement-api:22.5.0] AndroidManifest.xml:26:5-88
32-->[com.google.android.gms:play-services-measurement-api:22.5.0] AndroidManifest.xml:26:22-85
33    <uses-permission android:name="android.permission.ACCESS_ADSERVICES_AD_ID" />
33-->[com.google.android.gms:play-services-measurement-api:22.5.0] AndroidManifest.xml:27:5-82
33-->[com.google.android.gms:play-services-measurement-api:22.5.0] AndroidManifest.xml:27:22-79
34    <uses-permission android:name="com.google.android.providers.gsf.permission.READ_GSERVICES" />
34-->[com.google.android.recaptcha:recaptcha:18.6.1] AndroidManifest.xml:9:5-98
34-->[com.google.android.recaptcha:recaptcha:18.6.1] AndroidManifest.xml:9:22-95
35
36    <permission
36-->[androidx.core:core:1.13.1] AndroidManifest.xml:22:5-24:47
37        android:name="com.msc.fingenius.DYNAMIC_RECEIVER_NOT_EXPORTED_PERMISSION"
37-->[androidx.core:core:1.13.1] AndroidManifest.xml:23:9-81
38        android:protectionLevel="signature" />
38-->[androidx.core:core:1.13.1] AndroidManifest.xml:24:9-44
39
40    <uses-permission android:name="com.msc.fingenius.DYNAMIC_RECEIVER_NOT_EXPORTED_PERMISSION" />
40-->[androidx.core:core:1.13.1] AndroidManifest.xml:26:5-97
40-->[androidx.core:core:1.13.1] AndroidManifest.xml:26:22-94
41
42    <application
43        android:name="android.app.Application"
43-->src/main/AndroidManifest.xml:16:9-42
44        android:appComponentFactory="androidx.core.app.CoreComponentFactory"
44-->[androidx.core:core:1.13.1] AndroidManifest.xml:28:18-86
45        android:enableOnBackInvokedCallback="true"
45-->src/main/AndroidManifest.xml:19:9-51
46        android:extractNativeLibs="false"
47        android:icon="@mipmap/ic_launcher"
47-->src/main/AndroidManifest.xml:17:9-43
48        android:label="FinGenius AI"
48-->src/main/AndroidManifest.xml:15:9-37
49        android:roundIcon="@mipmap/ic_launcher_round"
49-->src/main/AndroidManifest.xml:18:9-54
50        android:usesCleartextTraffic="false" >
50-->src/main/AndroidManifest.xml:20:9-45
51
52        <!--
53             Consent-first Firebase startup. Runtime services explicitly enable
54             these only after the corresponding user choice. This also prevents
55             an unnecessary FCM token request during every cold launch.
56        -->
57        <meta-data
57-->src/main/AndroidManifest.xml:24:9-26:36
58            android:name="firebase_messaging_auto_init_enabled"
58-->src/main/AndroidManifest.xml:25:13-64
59            android:value="false" />
59-->src/main/AndroidManifest.xml:26:13-34
60        <meta-data
60-->src/main/AndroidManifest.xml:27:9-29:36
61            android:name="firebase_analytics_collection_enabled"
61-->src/main/AndroidManifest.xml:28:13-65
62            android:value="false" />
62-->src/main/AndroidManifest.xml:29:13-34
63        <meta-data
63-->src/main/AndroidManifest.xml:30:9-32:36
64            android:name="firebase_crashlytics_collection_enabled"
64-->src/main/AndroidManifest.xml:31:13-67
65            android:value="false" />
65-->src/main/AndroidManifest.xml:32:13-34
66
67        <activity
67-->src/main/AndroidManifest.xml:33:9-49:20
68            android:name="com.msc.fingenius.MainActivity"
68-->src/main/AndroidManifest.xml:34:13-41
69            android:configChanges="orientation|keyboardHidden|keyboard|screenSize|smallestScreenSize|locale|layoutDirection|fontScale|screenLayout|density|uiMode"
69-->src/main/AndroidManifest.xml:39:13-163
70            android:exported="true"
70-->src/main/AndroidManifest.xml:35:13-36
71            android:hardwareAccelerated="true"
71-->src/main/AndroidManifest.xml:40:13-47
72            android:launchMode="singleTop"
72-->src/main/AndroidManifest.xml:36:13-43
73            android:taskAffinity=""
73-->src/main/AndroidManifest.xml:37:13-36
74            android:theme="@style/LaunchTheme"
74-->src/main/AndroidManifest.xml:38:13-47
75            android:windowSoftInputMode="adjustResize" >
75-->src/main/AndroidManifest.xml:41:13-55
76            <meta-data
76-->src/main/AndroidManifest.xml:42:13-44:56
77                android:name="io.flutter.embedding.android.NormalTheme"
77-->src/main/AndroidManifest.xml:43:17-72
78                android:resource="@style/NormalTheme" />
78-->src/main/AndroidManifest.xml:44:17-54
79
80            <intent-filter>
80-->src/main/AndroidManifest.xml:45:13-48:29
81                <action android:name="android.intent.action.MAIN" />
81-->src/main/AndroidManifest.xml:46:17-68
81-->src/main/AndroidManifest.xml:46:25-66
82
83                <category android:name="android.intent.category.LAUNCHER" />
83-->src/main/AndroidManifest.xml:47:17-76
83-->src/main/AndroidManifest.xml:47:27-74
84            </intent-filter>
85        </activity>
86
87        <meta-data
87-->src/main/AndroidManifest.xml:51:9-53:61
88            android:name="com.google.firebase.messaging.default_notification_icon"
88-->src/main/AndroidManifest.xml:52:13-83
89            android:resource="@drawable/ic_stat_fingenius" />
89-->src/main/AndroidManifest.xml:53:13-59
90        <meta-data
90-->src/main/AndroidManifest.xml:54:9-56:52
91            android:name="com.google.firebase.messaging.default_notification_color"
91-->src/main/AndroidManifest.xml:55:13-84
92            android:resource="@color/brand_green" />
92-->src/main/AndroidManifest.xml:56:13-50
93        <meta-data
93-->src/main/AndroidManifest.xml:57:9-59:32
94            android:name="flutterEmbedding"
94-->src/main/AndroidManifest.xml:58:13-44
95            android:value="2" />
95-->src/main/AndroidManifest.xml:59:13-30
96
97        <!-- image_cropper (uCrop) -->
98        <activity
98-->src/main/AndroidManifest.xml:62:9-65:71
99            android:name="com.yalantis.ucrop.UCropActivity"
99-->src/main/AndroidManifest.xml:63:13-60
100            android:screenOrientation="portrait"
100-->src/main/AndroidManifest.xml:64:13-49
101            android:theme="@style/Theme.AppCompat.Light.NoActionBar" />
101-->src/main/AndroidManifest.xml:65:13-69
102
103        <service
103-->[:firebase_analytics] AndroidManifest.xml:12:9-16:19
104            android:name="com.google.firebase.components.ComponentDiscoveryService"
104-->[:firebase_analytics] AndroidManifest.xml:12:18-89
105            android:directBootAware="true"
105-->[com.google.firebase:firebase-common:21.0.0] AndroidManifest.xml:32:13-43
106            android:exported="false" >
106-->[com.google.firebase:firebase-auth:23.2.1] AndroidManifest.xml:68:13-37
107            <meta-data
107-->[:firebase_analytics] AndroidManifest.xml:13:13-15:85
108                android:name="com.google.firebase.components:io.flutter.plugins.firebase.analytics.FlutterFirebaseAppRegistrar"
108-->[:firebase_analytics] AndroidManifest.xml:14:17-128
109                android:value="com.google.firebase.components.ComponentRegistrar" />
109-->[:firebase_analytics] AndroidManifest.xml:15:17-82
110            <meta-data
110-->[:firebase_remote_config] AndroidManifest.xml:9:13-11:85
111                android:name="com.google.firebase.components:io.flutter.plugins.firebase.firebaseremoteconfig.FlutterFirebaseAppRegistrar"
111-->[:firebase_remote_config] AndroidManifest.xml:10:17-139
112                android:value="com.google.firebase.components.ComponentRegistrar" />
112-->[:firebase_remote_config] AndroidManifest.xml:11:17-82
113            <meta-data
113-->[:cloud_firestore] AndroidManifest.xml:9:13-11:85
114                android:name="com.google.firebase.components:io.flutter.plugins.firebase.firestore.FlutterFirebaseFirestoreRegistrar"
114-->[:cloud_firestore] AndroidManifest.xml:10:17-134
115                android:value="com.google.firebase.components.ComponentRegistrar" />
115-->[:cloud_firestore] AndroidManifest.xml:11:17-82
116            <meta-data
116-->[:firebase_app_check] AndroidManifest.xml:9:13-11:85
117                android:name="com.google.firebase.components:io.flutter.plugins.firebase.appcheck.FlutterFirebaseAppRegistrar"
117-->[:firebase_app_check] AndroidManifest.xml:10:17-127
118                android:value="com.google.firebase.components.ComponentRegistrar" />
118-->[:firebase_app_check] AndroidManifest.xml:11:17-82
119            <meta-data
119-->[:firebase_auth] AndroidManifest.xml:9:13-11:85
120                android:name="com.google.firebase.components:io.flutter.plugins.firebase.auth.FlutterFirebaseAuthRegistrar"
120-->[:firebase_auth] AndroidManifest.xml:10:17-124
121                android:value="com.google.firebase.components.ComponentRegistrar" />
121-->[:firebase_auth] AndroidManifest.xml:11:17-82
122            <meta-data
122-->[:firebase_crashlytics] AndroidManifest.xml:9:13-11:85
123                android:name="com.google.firebase.components:io.flutter.plugins.firebase.crashlytics.FlutterFirebaseAppRegistrar"
123-->[:firebase_crashlytics] AndroidManifest.xml:10:17-130
124                android:value="com.google.firebase.components.ComponentRegistrar" />
124-->[:firebase_crashlytics] AndroidManifest.xml:11:17-82
125            <meta-data
125-->[:firebase_messaging] AndroidManifest.xml:36:13-38:85
126                android:name="com.google.firebase.components:io.flutter.plugins.firebase.messaging.FlutterFirebaseAppRegistrar"
126-->[:firebase_messaging] AndroidManifest.xml:37:17-128
127                android:value="com.google.firebase.components.ComponentRegistrar" />
127-->[:firebase_messaging] AndroidManifest.xml:38:17-82
128            <meta-data
128-->[:firebase_storage] AndroidManifest.xml:9:13-11:85
129                android:name="com.google.firebase.components:io.flutter.plugins.firebase.storage.FlutterFirebaseAppRegistrar"
129-->[:firebase_storage] AndroidManifest.xml:10:17-126
130                android:value="com.google.firebase.components.ComponentRegistrar" />
130-->[:firebase_storage] AndroidManifest.xml:11:17-82
131            <meta-data
131-->[:firebase_core] AndroidManifest.xml:9:13-11:85
132                android:name="com.google.firebase.components:io.flutter.plugins.firebase.core.FlutterFirebaseCoreRegistrar"
132-->[:firebase_core] AndroidManifest.xml:10:17-124
133                android:value="com.google.firebase.components.ComponentRegistrar" />
133-->[:firebase_core] AndroidManifest.xml:11:17-82
134            <meta-data
134-->[com.google.firebase:firebase-auth:23.2.1] AndroidManifest.xml:69:13-71:85
135                android:name="com.google.firebase.components:com.google.firebase.auth.FirebaseAuthRegistrar"
135-->[com.google.firebase:firebase-auth:23.2.1] AndroidManifest.xml:70:17-109
136                android:value="com.google.firebase.components.ComponentRegistrar" />
136-->[com.google.firebase:firebase-auth:23.2.1] AndroidManifest.xml:71:17-82
137            <meta-data
137-->[com.google.firebase:firebase-appcheck-safetynet:16.1.2] AndroidManifest.xml:27:13-29:85
138                android:name="com.google.firebase.components:com.google.firebase.appcheck.safetynet.FirebaseAppCheckSafetyNetRegistrar"
138-->[com.google.firebase:firebase-appcheck-safetynet:16.1.2] AndroidManifest.xml:28:17-136
139                android:value="com.google.firebase.components.ComponentRegistrar" />
139-->[com.google.firebase:firebase-appcheck-safetynet:16.1.2] AndroidManifest.xml:29:17-82
140            <meta-data
140-->[com.google.firebase:firebase-appcheck-debug:18.0.0] AndroidManifest.xml:25:13-27:85
141                android:name="com.google.firebase.components:com.google.firebase.appcheck.debug.FirebaseAppCheckDebugRegistrar"
141-->[com.google.firebase:firebase-appcheck-debug:18.0.0] AndroidManifest.xml:26:17-128
142                android:value="com.google.firebase.components.ComponentRegistrar" />
142-->[com.google.firebase:firebase-appcheck-debug:18.0.0] AndroidManifest.xml:27:17-82
143            <meta-data
143-->[com.google.firebase:firebase-appcheck-playintegrity:18.0.0] AndroidManifest.xml:25:13-27:85
144                android:name="com.google.firebase.components:com.google.firebase.appcheck.playintegrity.FirebaseAppCheckPlayIntegrityRegistrar"
144-->[com.google.firebase:firebase-appcheck-playintegrity:18.0.0] AndroidManifest.xml:26:17-144
145                android:value="com.google.firebase.components.ComponentRegistrar" />
145-->[com.google.firebase:firebase-appcheck-playintegrity:18.0.0] AndroidManifest.xml:27:17-82
146            <meta-data
146-->[com.google.firebase:firebase-firestore:25.1.4] AndroidManifest.xml:17:13-19:85
147                android:name="com.google.firebase.components:com.google.firebase.firestore.FirebaseFirestoreKtxRegistrar"
147-->[com.google.firebase:firebase-firestore:25.1.4] AndroidManifest.xml:18:17-122
148                android:value="com.google.firebase.components.ComponentRegistrar" />
148-->[com.google.firebase:firebase-firestore:25.1.4] AndroidManifest.xml:19:17-82
149            <meta-data
149-->[com.google.firebase:firebase-firestore:25.1.4] AndroidManifest.xml:20:13-22:85
150                android:name="com.google.firebase.components:com.google.firebase.firestore.FirestoreRegistrar"
150-->[com.google.firebase:firebase-firestore:25.1.4] AndroidManifest.xml:21:17-111
151                android:value="com.google.firebase.components.ComponentRegistrar" />
151-->[com.google.firebase:firebase-firestore:25.1.4] AndroidManifest.xml:22:17-82
152            <meta-data
152-->[com.google.firebase:firebase-messaging:24.1.2] AndroidManifest.xml:57:13-59:85
153                android:name="com.google.firebase.components:com.google.firebase.messaging.FirebaseMessagingKtxRegistrar"
153-->[com.google.firebase:firebase-messaging:24.1.2] AndroidManifest.xml:58:17-122
154                android:value="com.google.firebase.components.ComponentRegistrar" />
154-->[com.google.firebase:firebase-messaging:24.1.2] AndroidManifest.xml:59:17-82
155            <meta-data
155-->[com.google.firebase:firebase-messaging:24.1.2] AndroidManifest.xml:60:13-62:85
156                android:name="com.google.firebase.components:com.google.firebase.messaging.FirebaseMessagingRegistrar"
156-->[com.google.firebase:firebase-messaging:24.1.2] AndroidManifest.xml:61:17-119
157                android:value="com.google.firebase.components.ComponentRegistrar" />
157-->[com.google.firebase:firebase-messaging:24.1.2] AndroidManifest.xml:62:17-82
158            <meta-data
158-->[com.google.firebase:firebase-storage:21.0.2] AndroidManifest.xml:30:13-32:85
159                android:name="com.google.firebase.components:com.google.firebase.storage.FirebaseStorageKtxRegistrar"
159-->[com.google.firebase:firebase-storage:21.0.2] AndroidManifest.xml:31:17-118
160                android:value="com.google.firebase.components.ComponentRegistrar" />
160-->[com.google.firebase:firebase-storage:21.0.2] AndroidManifest.xml:32:17-82
161            <meta-data
161-->[com.google.firebase:firebase-storage:21.0.2] AndroidManifest.xml:33:13-35:85
162                android:name="com.google.firebase.components:com.google.firebase.storage.StorageRegistrar"
162-->[com.google.firebase:firebase-storage:21.0.2] AndroidManifest.xml:34:17-107
163                android:value="com.google.firebase.components.ComponentRegistrar" />
163-->[com.google.firebase:firebase-storage:21.0.2] AndroidManifest.xml:35:17-82
164            <meta-data
164-->[com.google.firebase:firebase-appcheck:18.0.0] AndroidManifest.xml:25:13-27:85
165                android:name="com.google.firebase.components:com.google.firebase.appcheck.FirebaseAppCheckKtxRegistrar"
165-->[com.google.firebase:firebase-appcheck:18.0.0] AndroidManifest.xml:26:17-120
166                android:value="com.google.firebase.components.ComponentRegistrar" />
166-->[com.google.firebase:firebase-appcheck:18.0.0] AndroidManifest.xml:27:17-82
167            <meta-data
167-->[com.google.firebase:firebase-appcheck:18.0.0] AndroidManifest.xml:28:13-30:85
168                android:name="com.google.firebase.components:com.google.firebase.appcheck.FirebaseAppCheckRegistrar"
168-->[com.google.firebase:firebase-appcheck:18.0.0] AndroidManifest.xml:29:17-117
169                android:value="com.google.firebase.components.ComponentRegistrar" />
169-->[com.google.firebase:firebase-appcheck:18.0.0] AndroidManifest.xml:30:17-82
170            <meta-data
170-->[com.google.firebase:firebase-config:22.1.2] AndroidManifest.xml:29:13-31:85
171                android:name="com.google.firebase.components:com.google.firebase.remoteconfig.FirebaseRemoteConfigKtxRegistrar"
171-->[com.google.firebase:firebase-config:22.1.2] AndroidManifest.xml:30:17-128
172                android:value="com.google.firebase.components.ComponentRegistrar" />
172-->[com.google.firebase:firebase-config:22.1.2] AndroidManifest.xml:31:17-82
173            <meta-data
173-->[com.google.firebase:firebase-config:22.1.2] AndroidManifest.xml:32:13-34:85
174                android:name="com.google.firebase.components:com.google.firebase.remoteconfig.RemoteConfigRegistrar"
174-->[com.google.firebase:firebase-config:22.1.2] AndroidManifest.xml:33:17-117
175                android:value="com.google.firebase.components.ComponentRegistrar" />
175-->[com.google.firebase:firebase-config:22.1.2] AndroidManifest.xml:34:17-82
176            <meta-data
176-->[com.google.firebase:firebase-crashlytics:19.4.4] AndroidManifest.xml:15:13-17:85
177                android:name="com.google.firebase.components:com.google.firebase.crashlytics.FirebaseCrashlyticsKtxRegistrar"
177-->[com.google.firebase:firebase-crashlytics:19.4.4] AndroidManifest.xml:16:17-126
178                android:value="com.google.firebase.components.ComponentRegistrar" />
178-->[com.google.firebase:firebase-crashlytics:19.4.4] AndroidManifest.xml:17:17-82
179            <meta-data
179-->[com.google.firebase:firebase-crashlytics:19.4.4] AndroidManifest.xml:18:13-20:85
180                android:name="com.google.firebase.components:com.google.firebase.crashlytics.CrashlyticsRegistrar"
180-->[com.google.firebase:firebase-crashlytics:19.4.4] AndroidManifest.xml:19:17-115
181                android:value="com.google.firebase.components.ComponentRegistrar" />
181-->[com.google.firebase:firebase-crashlytics:19.4.4] AndroidManifest.xml:20:17-82
182            <meta-data
182-->[com.google.android.gms:play-services-measurement-api:22.5.0] AndroidManifest.xml:33:13-35:85
183                android:name="com.google.firebase.components:com.google.firebase.analytics.connector.internal.AnalyticsConnectorRegistrar"
183-->[com.google.android.gms:play-services-measurement-api:22.5.0] AndroidManifest.xml:34:17-139
184                android:value="com.google.firebase.components.ComponentRegistrar" />
184-->[com.google.android.gms:play-services-measurement-api:22.5.0] AndroidManifest.xml:35:17-82
185            <meta-data
185-->[com.google.firebase:firebase-sessions:2.1.2] AndroidManifest.xml:29:13-31:85
186                android:name="com.google.firebase.components:com.google.firebase.sessions.FirebaseSessionsRegistrar"
186-->[com.google.firebase:firebase-sessions:2.1.2] AndroidManifest.xml:30:17-117
187                android:value="com.google.firebase.components.ComponentRegistrar" />
187-->[com.google.firebase:firebase-sessions:2.1.2] AndroidManifest.xml:31:17-82
188            <meta-data
188-->[com.google.firebase:firebase-installations:18.0.0] AndroidManifest.xml:15:13-17:85
189                android:name="com.google.firebase.components:com.google.firebase.installations.FirebaseInstallationsKtxRegistrar"
189-->[com.google.firebase:firebase-installations:18.0.0] AndroidManifest.xml:16:17-130
190                android:value="com.google.firebase.components.ComponentRegistrar" />
190-->[com.google.firebase:firebase-installations:18.0.0] AndroidManifest.xml:17:17-82
191            <meta-data
191-->[com.google.firebase:firebase-installations:18.0.0] AndroidManifest.xml:18:13-20:85
192                android:name="com.google.firebase.components:com.google.firebase.installations.FirebaseInstallationsRegistrar"
192-->[com.google.firebase:firebase-installations:18.0.0] AndroidManifest.xml:19:17-127
193                android:value="com.google.firebase.components.ComponentRegistrar" />
193-->[com.google.firebase:firebase-installations:18.0.0] AndroidManifest.xml:20:17-82
194            <meta-data
194-->[com.google.firebase:firebase-common-ktx:21.0.0] AndroidManifest.xml:12:13-14:85
195                android:name="com.google.firebase.components:com.google.firebase.ktx.FirebaseCommonLegacyRegistrar"
195-->[com.google.firebase:firebase-common-ktx:21.0.0] AndroidManifest.xml:13:17-116
196                android:value="com.google.firebase.components.ComponentRegistrar" />
196-->[com.google.firebase:firebase-common-ktx:21.0.0] AndroidManifest.xml:14:17-82
197            <meta-data
197-->[com.google.firebase:firebase-common:21.0.0] AndroidManifest.xml:35:13-37:85
198                android:name="com.google.firebase.components:com.google.firebase.FirebaseCommonKtxRegistrar"
198-->[com.google.firebase:firebase-common:21.0.0] AndroidManifest.xml:36:17-109
199                android:value="com.google.firebase.components.ComponentRegistrar" />
199-->[com.google.firebase:firebase-common:21.0.0] AndroidManifest.xml:37:17-82
200            <meta-data
200-->[com.google.firebase:firebase-abt:21.1.1] AndroidManifest.xml:12:13-14:85
201                android:name="com.google.firebase.components:com.google.firebase.abt.component.AbtRegistrar"
201-->[com.google.firebase:firebase-abt:21.1.1] AndroidManifest.xml:13:17-109
202                android:value="com.google.firebase.components.ComponentRegistrar" />
202-->[com.google.firebase:firebase-abt:21.1.1] AndroidManifest.xml:14:17-82
203            <meta-data
203-->[com.google.firebase:firebase-datatransport:19.0.0] AndroidManifest.xml:25:13-27:85
204                android:name="com.google.firebase.components:com.google.firebase.datatransport.TransportRegistrar"
204-->[com.google.firebase:firebase-datatransport:19.0.0] AndroidManifest.xml:26:17-115
205                android:value="com.google.firebase.components.ComponentRegistrar" />
205-->[com.google.firebase:firebase-datatransport:19.0.0] AndroidManifest.xml:27:17-82
206        </service>
207        <!--
208           Declares a provider which allows us to store files to share in
209           '.../caches/share_plus' and grant the receiving action access
210        -->
211        <provider
211-->[:share_plus] AndroidManifest.xml:13:9-21:20
212            android:name="dev.fluttercommunity.plus.share.ShareFileProvider"
212-->[:share_plus] AndroidManifest.xml:14:13-77
213            android:authorities="com.msc.fingenius.flutter.share_provider"
213-->[:share_plus] AndroidManifest.xml:15:13-74
214            android:exported="false"
214-->[:share_plus] AndroidManifest.xml:16:13-37
215            android:grantUriPermissions="true" >
215-->[:share_plus] AndroidManifest.xml:17:13-47
216            <meta-data
216-->[:share_plus] AndroidManifest.xml:18:13-20:68
217                android:name="android.support.FILE_PROVIDER_PATHS"
217-->[:share_plus] AndroidManifest.xml:19:17-67
218                android:resource="@xml/flutter_share_file_paths" />
218-->[:share_plus] AndroidManifest.xml:20:17-65
219        </provider>
220        <!--
221           This manifest declared broadcast receiver allows us to use an explicit
222           Intent when creating a PendingItent to be informed of the user's choice
223        -->
224        <receiver
224-->[:share_plus] AndroidManifest.xml:26:9-32:20
225            android:name="dev.fluttercommunity.plus.share.SharePlusPendingIntent"
225-->[:share_plus] AndroidManifest.xml:27:13-82
226            android:exported="false" >
226-->[:share_plus] AndroidManifest.xml:28:13-37
227            <intent-filter>
227-->[:share_plus] AndroidManifest.xml:29:13-31:29
228                <action android:name="EXTRA_CHOSEN_COMPONENT" />
228-->[:share_plus] AndroidManifest.xml:30:17-65
228-->[:share_plus] AndroidManifest.xml:30:25-62
229            </intent-filter>
230        </receiver>
231
232        <provider
232-->[:image_picker_android] AndroidManifest.xml:9:9-17:20
233            android:name="io.flutter.plugins.imagepicker.ImagePickerFileProvider"
233-->[:image_picker_android] AndroidManifest.xml:10:13-82
234            android:authorities="com.msc.fingenius.flutter.image_provider"
234-->[:image_picker_android] AndroidManifest.xml:11:13-74
235            android:exported="false"
235-->[:image_picker_android] AndroidManifest.xml:12:13-37
236            android:grantUriPermissions="true" >
236-->[:image_picker_android] AndroidManifest.xml:13:13-47
237            <meta-data
237-->[:share_plus] AndroidManifest.xml:18:13-20:68
238                android:name="android.support.FILE_PROVIDER_PATHS"
238-->[:share_plus] AndroidManifest.xml:19:17-67
239                android:resource="@xml/flutter_image_picker_file_paths" />
239-->[:share_plus] AndroidManifest.xml:20:17-65
240        </provider> <!-- Trigger Google Play services to install the backported photo picker module. -->
241        <service
241-->[:image_picker_android] AndroidManifest.xml:19:9-31:19
242            android:name="com.google.android.gms.metadata.ModuleDependencies"
242-->[:image_picker_android] AndroidManifest.xml:20:13-78
243            android:enabled="false"
243-->[:image_picker_android] AndroidManifest.xml:21:13-36
244            android:exported="false" >
244-->[:image_picker_android] AndroidManifest.xml:22:13-37
245            <intent-filter>
245-->[:image_picker_android] AndroidManifest.xml:24:13-26:29
246                <action android:name="com.google.android.gms.metadata.MODULE_DEPENDENCIES" />
246-->[:image_picker_android] AndroidManifest.xml:25:17-94
246-->[:image_picker_android] AndroidManifest.xml:25:25-91
247            </intent-filter>
248
249            <meta-data
249-->[:image_picker_android] AndroidManifest.xml:28:13-30:36
250                android:name="photopicker_activity:0:required"
250-->[:image_picker_android] AndroidManifest.xml:29:17-63
251                android:value="" />
251-->[:image_picker_android] AndroidManifest.xml:30:17-33
252        </service>
253        <service
253-->[:firebase_messaging] AndroidManifest.xml:14:9-17:72
254            android:name="io.flutter.plugins.firebase.messaging.FlutterFirebaseMessagingBackgroundService"
254-->[:firebase_messaging] AndroidManifest.xml:15:13-107
255            android:exported="false"